<?xml version="1.0" encoding="UTF-8"?>
<!-- Generated by org.testng.reporters.JUnitReportReporter -->
<testsuite skipped="0" hostname="VDIDEVSERCO058" name="org.springframework.samples.petclinic.vselenium.PetTest" tests="4" failures="0" timestamp="21 May 2017 13:44:36 GMT" time="39.526" errors="0">
  <testcase name="editPetTest" time="9.568" classname="org.springframework.samples.petclinic.vselenium.PetTest"/>
  <testcase name="addPetSubmitBlankTest" time="12.605" classname="org.springframework.samples.petclinic.vselenium.PetTest"/>
  <testcase name="addNewPetTest" time="7.630" classname="org.springframework.samples.petclinic.vselenium.PetTest"/>
  <testcase name="addExistingPetTest" time="9.723" classname="org.springframework.samples.petclinic.vselenium.PetTest"/>
</testsuite> <!-- org.springframework.samples.petclinic.vselenium.PetTest -->
