<?xml version="1.0" encoding="UTF-8"?>
<!-- Generated by org.testng.reporters.JUnitReportReporter -->
<testsuite skipped="0" hostname="VDIDEVSERCO058" name="org.springframework.samples.petclinic.vselenium.vetsPageTest" tests="12" failures="0" timestamp="21 May 2017 16:15:19 GMT" time="65.975" errors="0">
  <testcase name="footerImageTest" time="5.727" classname="org.springframework.samples.petclinic.vselenium.vetsPageTest"/>
  <testcase name="getVetsPageHeadingTest" time="5.561" classname="org.springframework.samples.petclinic.vselenium.vetsPageTest"/>
  <testcase name="jsonDataTest" time="5.536" classname="org.springframework.samples.petclinic.vselenium.vetsPageTest"/>
  <testcase name="viewXMLTest" time="6.589" classname="org.springframework.samples.petclinic.vselenium.vetsPageTest"/>
  <testcase name="viewJSONTest" time="4.605" classname="org.springframework.samples.petclinic.vselenium.vetsPageTest"/>
  <testcase name="menuBackGroundImageTest" time="5.429" classname="org.springframework.samples.petclinic.vselenium.vetsPageTest"/>
  <testcase name="tableHeaderTest" time="5.051" classname="org.springframework.samples.petclinic.vselenium.vetsPageTest"/>
  <testcase name="detailsOfVetsTest" time="4.583" classname="org.springframework.samples.petclinic.vselenium.vetsPageTest"/>
  <testcase name="activeMenuLinkTest" time="7.668" classname="org.springframework.samples.petclinic.vselenium.vetsPageTest"/>
  <testcase name="noOfVetsTest" time="5.229" classname="org.springframework.samples.petclinic.vselenium.vetsPageTest"/>
  <testcase name="menulinksOnPageTest" time="5.376" classname="org.springframework.samples.petclinic.vselenium.vetsPageTest"/>
  <testcase name="xmlDataTest" time="4.621" classname="org.springframework.samples.petclinic.vselenium.vetsPageTest"/>
</testsuite> <!-- org.springframework.samples.petclinic.vselenium.vetsPageTest -->
