<?xml version="1.0" encoding="UTF-8"?>
<!-- Generated by org.testng.reporters.JUnitReportReporter -->
<testsuite skipped="0" hostname="VDIDEVSERCO058" name="org.springframework.samples.petclinic.vselenium.errorPageTest" tests="8" failures="0" timestamp="21 May 2017 14:19:37 GMT" time="42.206" errors="0">
  <testcase name="errorPageheadingTest" time="3.400" classname="org.springframework.samples.petclinic.vselenium.errorPageTest"/>
  <testcase name="activeMenuLinkTest" time="6.472" classname="org.springframework.samples.petclinic.vselenium.errorPageTest"/>
  <testcase name="menulinksOnPageTest" time="5.443" classname="org.springframework.samples.petclinic.vselenium.errorPageTest"/>
  <testcase name="getErrorPageTitleTest" time="5.541" classname="org.springframework.samples.petclinic.vselenium.errorPageTest"/>
  <testcase name="checkErrorImageTest" time="5.072" classname="org.springframework.samples.petclinic.vselenium.errorPageTest"/>
  <testcase name="errorPageLinkTest" time="3.635" classname="org.springframework.samples.petclinic.vselenium.errorPageTest"/>
  <testcase name="menuBackGroundImageTest" time="4.599" classname="org.springframework.samples.petclinic.vselenium.errorPageTest"/>
  <testcase name="footerImageTest" time="8.044" classname="org.springframework.samples.petclinic.vselenium.errorPageTest"/>
</testsuite> <!-- org.springframework.samples.petclinic.vselenium.errorPageTest -->
