<?xml version="1.0" encoding="UTF-8"?>
<!-- Generated by org.testng.reporters.JUnitReportReporter -->
<testsuite skipped="0" hostname="VDIDEVSERCO058" name="org.springframework.samples.petclinic.vselenium.NewTest" tests="8" failures="0" timestamp="18 May 2017 13:24:47 GMT" time="13.645" errors="0">
  <testcase name="editOwner" time="1.492" classname="org.springframework.samples.petclinic.vselenium.NewTest"/>
  <testcase name="updateOwner" time="4.862" classname="org.springframework.samples.petclinic.vselenium.NewTest"/>
  <testcase name="getHomePage" time="0.019" classname="org.springframework.samples.petclinic.vselenium.NewTest"/>
  <testcase name="getOwnersPage" time="0.576" classname="org.springframework.samples.petclinic.vselenium.NewTest"/>
  <testcase name="addOwner" time="2.923" classname="org.springframework.samples.petclinic.vselenium.NewTest"/>
  <testcase name="menulinksOnPage" time="0.042" classname="org.springframework.samples.petclinic.vselenium.NewTest"/>
  <testcase name="ownersPage" time="1.072" classname="org.springframework.samples.petclinic.vselenium.NewTest"/>
  <testcase name="findOwners" time="2.659" classname="org.springframework.samples.petclinic.vselenium.NewTest"/>
</testsuite> <!-- org.springframework.samples.petclinic.vselenium.NewTest -->
