<?xml version="1.0" encoding="UTF-8"?>
<!-- Generated by org.testng.reporters.JUnitReportReporter -->
<testsuite skipped="0" hostname="VDIDEVSERCO058" name="org.springframework.samples.petclinic.vselenium.OwnersTest" tests="11" failures="0" timestamp="21 May 2017 13:43:34 GMT" time="78.418" errors="0">
  <testcase name="footerImageTest" time="3.579" classname="org.springframework.samples.petclinic.vselenium.OwnersTest"/>
  <testcase name="menulinksOnPageTest" time="5.197" classname="org.springframework.samples.petclinic.vselenium.OwnersTest"/>
  <testcase name="ownersPageRowsTest" time="6.180" classname="org.springframework.samples.petclinic.vselenium.OwnersTest"/>
  <testcase name="updateOwnerTest" time="12.312" classname="org.springframework.samples.petclinic.vselenium.OwnersTest"/>
  <testcase name="getOwnersPageHeadingTest" time="5.126" classname="org.springframework.samples.petclinic.vselenium.OwnersTest"/>
  <testcase name="menuBackGroundImageTest" time="4.687" classname="org.springframework.samples.petclinic.vselenium.OwnersTest"/>
  <testcase name="addOwnerSubmitBlankTest" time="7.670" classname="org.springframework.samples.petclinic.vselenium.OwnersTest"/>
  <testcase name="findOwnersTest" time="6.390" classname="org.springframework.samples.petclinic.vselenium.OwnersTest"/>
  <testcase name="activeMenuLinkTest" time="5.343" classname="org.springframework.samples.petclinic.vselenium.OwnersTest"/>
  <testcase name="editOwnerButtonClickTest" time="8.685" classname="org.springframework.samples.petclinic.vselenium.OwnersTest"/>
  <testcase name="addOwnerTest" time="13.249" classname="org.springframework.samples.petclinic.vselenium.OwnersTest"/>
</testsuite> <!-- org.springframework.samples.petclinic.vselenium.OwnersTest -->
