<?xml version="1.0" encoding="UTF-8"?>
<!-- Generated by org.testng.reporters.JUnitReportReporter -->
<testsuite skipped="0" hostname="VDIDEVSERCO058" name="org.springframework.samples.petclinic.vselenium.homePageTest" tests="10" failures="0" timestamp="21 May 2017 16:23:31 GMT" time="51.848" errors="0">
  <testcase name="checkWelcomeImageTest" time="3.704" classname="org.springframework.samples.petclinic.vselenium.homePageTest"/>
  <testcase name="footerImageTest" time="5.019" classname="org.springframework.samples.petclinic.vselenium.homePageTest"/>
  <testcase name="clickOnOwnersLinkTest" time="4.850" classname="org.springframework.samples.petclinic.vselenium.homePageTest"/>
  <testcase name="menulinksOnPageTest" time="3.261" classname="org.springframework.samples.petclinic.vselenium.homePageTest"/>
  <testcase name="getHomePageTitleTest" time="5.266" classname="org.springframework.samples.petclinic.vselenium.homePageTest"/>
  <testcase name="clickOnVetsLinlTest" time="5.766" classname="org.springframework.samples.petclinic.vselenium.homePageTest"/>
  <testcase name="activeMenuLinkTest" time="6.433" classname="org.springframework.samples.petclinic.vselenium.homePageTest"/>
  <testcase name="clickOnErrorLinlTest" time="5.688" classname="org.springframework.samples.petclinic.vselenium.homePageTest"/>
  <testcase name="homePageheadingTest" time="7.401" classname="org.springframework.samples.petclinic.vselenium.homePageTest"/>
  <testcase name="menuBackGroundImageTest" time="4.460" classname="org.springframework.samples.petclinic.vselenium.homePageTest"/>
</testsuite> <!-- org.springframework.samples.petclinic.vselenium.homePageTest -->
