<?xml version="1.0" encoding="UTF-8"?>
<!-- Generated by org.testng.reporters.JUnitReportReporter -->
<testsuite skipped="0" hostname="VDIDEVSERCO058" name="org.springframework.samples.petclinic.vselenium.VisitsTest" tests="1" failures="0" timestamp="21 May 2017 13:45:00 GMT" time="11.269" errors="0">
  <testcase name="addVisitTest" time="11.269" classname="org.springframework.samples.petclinic.vselenium.VisitsTest"/>
</testsuite> <!-- org.springframework.samples.petclinic.vselenium.VisitsTest -->
