<?xml version="1.0" encoding="UTF-8"?>
<!-- Generated by org.testng.reporters.JUnitReportReporter -->
<testsuite skipped="0" hostname="VDIDEVSERCO058" name="org.springframework.samples.petclinic.vselenium.HomeTest" tests="7" failures="0" timestamp="21 May 2017 13:54:23 GMT" time="35.883" errors="0">
  <testcase name="homePageheadingTest" time="5.417" classname="org.springframework.samples.petclinic.vselenium.HomeTest"/>
  <testcase name="menuBackGroundImageTest" time="4.646" classname="org.springframework.samples.petclinic.vselenium.HomeTest"/>
  <testcase name="menulinksOnPageTest" time="5.500" classname="org.springframework.samples.petclinic.vselenium.HomeTest"/>
  <testcase name="footerImageTest" time="4.862" classname="org.springframework.samples.petclinic.vselenium.HomeTest"/>
  <testcase name="activeMenuLinkTest" time="5.589" classname="org.springframework.samples.petclinic.vselenium.HomeTest"/>
  <testcase name="checkWelcomeImageTest" time="5.277" classname="org.springframework.samples.petclinic.vselenium.HomeTest"/>
  <testcase name="getHomePageTitleTest" time="4.592" classname="org.springframework.samples.petclinic.vselenium.HomeTest"/>
</testsuite> <!-- org.springframework.samples.petclinic.vselenium.HomeTest -->
