<?xml version="1.0" encoding="UTF-8"?>
<!-- Generated by org.testng.reporters.JUnitReportReporter -->
<testsuite skipped="0" hostname="VDIDEVSERCO058" name="org.springframework.samples.petclinic.vselenium.VetsTest" tests="11" failures="0" timestamp="21 May 2017 13:40:23 GMT" time="52.139" errors="1">
  <testcase name="xmlDataTest" time="3.767" classname="org.springframework.samples.petclinic.vselenium.VetsTest">
    <error type="java.io.IOException" message="Server returned HTTP response code: 500 for URL: http://localhost:8080/vets.xml">
      <![CDATA[java.io.IOException: Server returned HTTP response code: 500 for URL: http://localhost:8080/vets.xml
	at sun.net.www.protocol.http.HttpURLConnection.getInputStream0(Unknown Source)
	at sun.net.www.protocol.http.HttpURLConnection.getInputStream(Unknown Source)
	at java.net.URL.openStream(Unknown Source)
	at org.springframework.samples.petclinic.vselenium.VetsTest.xmlDataTest(VetsTest.java:185)
	at sun.reflect.NativeMethodAccessorImpl.invoke0(Native Method)
	at sun.reflect.NativeMethodAccessorImpl.invoke(Unknown Source)
	at sun.reflect.DelegatingMethodAccessorImpl.invoke(Unknown Source)
	at java.lang.reflect.Method.invoke(Unknown Source)
	at org.testng.internal.MethodInvocationHelper.invokeMethod(MethodInvocationHelper.java:108)
	at org.testng.internal.Invoker.invokeMethod(Invoker.java:661)
	at org.testng.internal.Invoker.invokeTestMethod(Invoker.java:869)
	at org.testng.internal.Invoker.invokeTestMethods(Invoker.java:1193)
	at org.testng.internal.TestMethodWorker.invokeTestMethods(TestMethodWorker.java:126)
	at org.testng.internal.TestMethodWorker.run(TestMethodWorker.java:109)
	at org.testng.TestRunner.privateRun(TestRunner.java:744)
	at org.testng.TestRunner.run(TestRunner.java:602)
	at org.testng.SuiteRunner.runTest(SuiteRunner.java:380)
	at org.testng.SuiteRunner.runSequentially(SuiteRunner.java:375)
	at org.testng.SuiteRunner.privateRun(SuiteRunner.java:340)
	at org.testng.SuiteRunner.run(SuiteRunner.java:289)
	at org.testng.SuiteRunnerWorker.runSuite(SuiteRunnerWorker.java:52)
	at org.testng.SuiteRunnerWorker.run(SuiteRunnerWorker.java:86)
	at org.testng.TestNG.runSuitesSequentially(TestNG.java:1301)
	at org.testng.TestNG.runSuitesLocally(TestNG.java:1226)
	at org.testng.TestNG.runSuites(TestNG.java:1144)
	at org.testng.TestNG.run(TestNG.java:1115)
	at org.testng.remote.AbstractRemoteTestNG.run(AbstractRemoteTestNG.java:132)
	at org.testng.remote.RemoteTestNG.initAndRun(RemoteTestNG.java:230)
	at org.testng.remote.RemoteTestNG.main(RemoteTestNG.java:76)
]]>
    </error>
  </testcase> <!-- xmlDataTest -->
  <testcase name="viewXMLTest" time="10.017" classname="org.springframework.samples.petclinic.vselenium.VetsTest"/>
  <testcase name="detailsOfVetsTest" time="3.337" classname="org.springframework.samples.petclinic.vselenium.VetsTest"/>
  <testcase name="getVetsPageHeadingTest" time="3.780" classname="org.springframework.samples.petclinic.vselenium.VetsTest"/>
  <testcase name="noOfVetsTest" time="2.433" classname="org.springframework.samples.petclinic.vselenium.VetsTest"/>
  <testcase name="jsonDataTest" time="4.461" classname="org.springframework.samples.petclinic.vselenium.VetsTest"/>
  <testcase name="activeMenuLinkTest" time="5.162" classname="org.springframework.samples.petclinic.vselenium.VetsTest"/>
  <testcase name="menuBackGroundImageTest" time="5.513" classname="org.springframework.samples.petclinic.vselenium.VetsTest"/>
  <testcase name="menulinksOnPageTest" time="4.271" classname="org.springframework.samples.petclinic.vselenium.VetsTest"/>
  <testcase name="tableHeaderTest" time="5.245" classname="org.springframework.samples.petclinic.vselenium.VetsTest"/>
  <testcase name="viewJSONTest" time="4.153" classname="org.springframework.samples.petclinic.vselenium.VetsTest"/>
</testsuite> <!-- org.springframework.samples.petclinic.vselenium.VetsTest -->
